commit bd595b7c126f4a984b9a20fca950361ffa486a0d
Author: ilufir <54719011+ilufir@users.noreply.github.com>
Date:   Sun Apr 2 23:46:43 2023 +0300

    add lab 6 docx

commit 19cabc669e56b74c9f398bc2b655b30e47d43f1b
Author: ilufir <54719011+ilufir@users.noreply.github.com>
Date:   Sun Apr 2 23:46:30 2023 +0300

    add lab 5 docx

commit bddfe1f073bf5ed4e6b100c81d39757888178d33
Author: ilufir <54719011+ilufir@users.noreply.github.com>
Date:   Sun Apr 2 23:46:17 2023 +0300

    add lab 4 docx

commit bdd05426f88bcf0a442b6984115c3a0bebe172b7
Author: ilufir <54719011+ilufir@users.noreply.github.com>
Date:   Sun Apr 2 23:46:03 2023 +0300

    add lab 3 docx

commit d1c4a6e1cdf358b281b4ba39e1f03eb690d09f41
Author: ilufir <54719011+ilufir@users.noreply.github.com>
Date:   Sun Apr 2 23:45:49 2023 +0300

    add lab 2 docx

commit 9f79539790f5073ed37feecd98e5439ae312d5a3
Author: ilufir <54719011+ilufir@users.noreply.github.com>
Date:   Sun Apr 2 23:45:35 2023 +0300

    add lab1 report docx

commit ab2cefb00440cc608f284701ba9f573bb4acf0c9
Author: ilufir <54719011+ilufir@users.noreply.github.com>
Date:   Sun Apr 2 23:45:16 2023 +0300

    add lab 7,8

commit 97c7bfdb80680b7454f2d1e2e164601933db4812
Author: ilufir <54719011+ilufir@users.noreply.github.com>
Date:   Sun Apr 2 12:32:58 2023 +0300

    update lab 1

commit cd3487028bec5ebb6a281cb171428ef573c12d54
Author: ilufir <54719011+ilufir@users.noreply.github.com>
Date:   Sun Apr 2 11:47:43 2023 +0300

    added lab files

commit 9a8ebcc09d14af42ab6f9960a8e3c53691e028cb
Author: ilufir <54719011+ilufir@users.noreply.github.com>
Date:   Sun Apr 2 11:45:53 2023 +0300

    Initial commit
